[debug] [2017-11-14T23:59:53.119Z] ----------------------------------------------------------------------
[debug] [2017-11-14T23:59:53.123Z] Command:       /Users/michaelsadahiro/.nvm/versions/node/v8.1.4/bin/node /Users/michaelsadahiro/.nvm/versions/node/v8.1.4/bin/firebase experimental:functions:shell
[debug] [2017-11-14T23:59:53.123Z] CLI Version:   3.14.0
[debug] [2017-11-14T23:59:53.123Z] Platform:      darwin
[debug] [2017-11-14T23:59:53.123Z] Node Version:  v8.1.4
[debug] [2017-11-14T23:59:53.124Z] Time:          Tue Nov 14 2017 15:59:53 GMT-0800 (PST)
[debug] [2017-11-14T23:59:53.124Z] ----------------------------------------------------------------------
[debug] 
[debug] [2017-11-14T23:59:53.140Z] > command requires scopes: ["email","openid","https://www.googleapis.com/auth/cloudplatformprojects.readonly","https://www.googleapis.com/auth/firebase","https://www.googleapis.com/auth/cloud-platform"]
[debug] [2017-11-14T23:59:53.140Z] > authorizing via signed-in user
[debug] [2017-11-14T23:59:53.142Z] >>> HTTP REQUEST GET https://admin.firebase.com/v1/projects/myownmoviedb  
 Tue Nov 14 2017 15:59:53 GMT-0800 (PST)
[debug] [2017-11-14T23:59:53.543Z] <<< HTTP RESPONSE 200
[debug] [2017-11-14T23:59:53.545Z] >>> HTTP REQUEST GET https://admin.firebase.com/v1/database/myownmoviedb/tokens  
 Tue Nov 14 2017 15:59:53 GMT-0800 (PST)
[debug] [2017-11-14T23:59:53.994Z] <<< HTTP RESPONSE 200
[info] i  functions: Preparing to emulate functions.
[debug] [2017-11-14T23:59:54.415Z] >>> HTTP REQUEST GET https://appengine.googleapis.com/v1/apps/myownmoviedb  
 Tue Nov 14 2017 15:59:54 GMT-0800 (PST)
[debug] [2017-11-14T23:59:54.416Z] >>> HTTP REQUEST GET https://apikeys.googleapis.com/v1/projects/myownmoviedb/apiKeys  
 Tue Nov 14 2017 15:59:54 GMT-0800 (PST)
[debug] [2017-11-14T23:59:54.915Z] <<< HTTP RESPONSE 200
[debug] [2017-11-14T23:59:54.993Z] <<< HTTP RESPONSE 200
